<?xml version="1.0" encoding="UTF-8"?>
<!-- Generated by org.testng.reporters.JUnitReportReporter -->
<testsuite hostname="DESKTOP-3BJMLDI" failures="0" tests="1" name="sample.SaifSampleRTest" time="0.012" errors="0" timestamp="2023-01-18T11:46:12 IST" skipped="0">
  <testcase classname="sample.SaifSampleRTest" name="test1" time="0.012"/>
  <system-out/>
</testsuite> <!-- sample.SaifSampleRTest -->
