<?xml version="1.0" encoding="UTF-8"?>
<!-- Generated by org.testng.reporters.JUnitReportReporter -->
<testsuite hostname="TYSS-Chaithra" failures="0" tests="1" name="sample.SampleTest" time="0.006" errors="0" timestamp="2023-01-19T10:41:25 IST" skipped="0">
  <testcase classname="sample.SampleTest" name="demoTest" time="0.006"/>
  <system-out/>
</testsuite> <!-- sample.SampleTest -->
