<?xml version="1.0" encoding="UTF-8"?>
<!-- Generated by org.testng.reporters.JUnitReportReporter -->
<testsuite hostname="TYSS-Chaithra" failures="0" tests="1" name="demo.DEmo" time="0.006" errors="0" timestamp="2023-01-19T10:52:01 IST" skipped="0">
  <testcase classname="demo.DEmo" name="test1" time="0.006"/>
  <system-out/>
</testsuite> <!-- demo.DEmo -->
