<?xml version="1.0" encoding="UTF-8"?>
<!-- Generated by org.testng.reporters.JUnitReportReporter -->
<testsuite hostname="TYSS-Chaithra" failures="0" tests="1" name="demo.CreateOrgTest" time="0.006" errors="0" timestamp="2023-01-18T10:32:01 IST" skipped="0">
  <testcase classname="demo.CreateOrgTest" name="test1" time="0.006"/>
  <system-out/>
</testsuite> <!-- demo.CreateOrgTest -->
