<?xml version="1.0" encoding="UTF-8"?>
<!-- Generated by org.testng.reporters.JUnitReportReporter --><testsuiteame="TYSS-Chaithra" failures="0" tests="1" name="sample.SampleTest" time="0.006" errors="0" timestamp="2023-01-19T10:41:25 IST" skipped="0">
  <testcase classname="sample.SampleTest" name="demoTest" time="0.006"/>hostname="TYSS-Chaithra" failures="0" tests="1" name="sample.SampleTest" time="0.008" errors="0" timestamp="2023-01-18T10:59:36 IST" skipped="0">
  <testcase classname="sample.SampleTest" name="sampleTest" time="0.008"/><system-out/>
</testsuite> <!-- sample.SampleTest -->
