<?xml version="1.0" encoding="UTF-8"?>
<!-- Generated by org.testng.reporters.JUnitReportReporter -->
<testsuite hostname="DESKTOP-3BJMLDI" failures="0" tests="1" name="sample.SaifDemo" time="0.009" errors="0" timestamp="2023-01-18T19:15:49 IST" skipped="0">
  <testcase classname="sample.SaifDemo" name="test1" time="0.009"/>
  <system-out/>
</testsuite> <!-- sample.SaifDemo -->
