<?xml version="1.0" encoding="UTF-8"?>
<!-- Generated by org.testng.reporters.JUnitReportReporter -->
<testsuite hostname="TYSS-Chaithra" failures="0" tests="3" name="demo.DEmo" time="0.008" errors="0" timestamp="2023-01-19T11:37:53 IST" skipped="0">
  <testcase classname="demo.DEmo" name="demo" time="0.006"/>
  <system-out/>
  <testcase classname="demo.DEmo" name="test1" time="0.001"/>
  <system-out/>
  <testcase classname="demo.DEmo" name="test3" time="0.001"/>
  <system-out/>
</testsuite> <!-- demo.DEmo -->
