<?xml version="1.0" encoding="UTF-8"?>
<!-- Generated by org.testng.reporters.JUnitReportReporter -->
<testsuite hostname="TYSS-Chaithra" failures="0" tests="1" name="demo.Sample" time="0.009" errors="0" timestamp="2023-01-19T10:50:30 IST" skipped="0">
  <testcase classname="demo.Sample" name="test" time="0.009"/>
  <system-out/>
</testsuite> <!-- demo.Sample -->
